[2009-11-15 05:48:27] >> NICK Nimda
[2009-11-15 05:48:27] >> USER Nimda 0 irc.freenode.net :noother's Bot
[2009-11-15 05:48:27] << NOTICE AUTH :*** Looking up your hostname...
[2009-11-15 05:48:27] << NOTICE AUTH :*** Checking ident
[2009-11-15 05:48:27] << NOTICE AUTH :*** Found your hostname
[2009-11-15 05:48:35] << NOTICE AUTH :*** No identd (auth) response
[2009-11-15 05:48:35] << :kubrick.freenode.net 433 * Nimda :Nickname is already in use.
[2009-11-15 05:48:35] >> NICK Nimda57750
[2009-11-15 05:48:35] >> USER Nimda 0 irc.freenode.net :noother's Bot
[2009-11-15 05:48:35] << :kubrick.freenode.net 001 Nimda57750 :Welcome to the freenode IRC Network Nimda57750
[2009-11-15 05:48:35] << :kubrick.freenode.net 002 Nimda57750 :Your host is kubrick.freenode.net[kubrick.freenode.net/6667], running version hyperion-1.0.2b
[2009-11-15 05:48:35] << NOTICE Nimda57750 :*** Your host is kubrick.freenode.net[kubrick.freenode.net/6667], running version hyperion-1.0.2b
[2009-11-15 05:48:35] << :kubrick.freenode.net 003 Nimda57750 :This server was created Wed Oct 14 21:46:34 UTC 2009
[2009-11-15 05:48:35] << :kubrick.freenode.net 004 Nimda57750 kubrick.freenode.net hyperion-1.0.2b aAbBcCdDeEfFGhHiIjkKlLmMnNopPQrRsStTuUvVwWxXyYzZ01234569*@ bcdefFhiIklmnoPqstv
[2009-11-15 05:48:35] << :kubrick.freenode.net 005 Nimda57750 IRCD=dancer CAPAB CHANTYPES=# EXCEPTS INVEX CHANMODES=bdeIq,k,lfJD,cgijLmnPQrRstz CHANLIMIT=#:20 PREFIX=(ov)@+ MAXLIST=bdeI:50 MODES=4 STATUSMSG=@ KNOCK NICKLEN=16 :are supported by this server
[2009-11-15 05:48:35] << :kubrick.freenode.net 005 Nimda57750 SAFELIST CASEMAPPING=ascii CHANNELLEN=30 TOPICLEN=450 KICKLEN=450 KEYLEN=23 USERLEN=10 HOSTLEN=63 SILENCE=50 :are supported by this server
[2009-11-15 05:48:35] << :kubrick.freenode.net 251 Nimda57750 :There are 23868 listed and 23148 unlisted users on 33 servers
[2009-11-15 05:48:35] << :kubrick.freenode.net 252 Nimda57750 51 :flagged staff members
[2009-11-15 05:48:35] << :kubrick.freenode.net 254 Nimda57750 25034 :channels formed
[2009-11-15 05:48:35] << :kubrick.freenode.net 255 Nimda57750 :I have 4016 clients and 0 servers
[2009-11-15 05:48:35] << :kubrick.freenode.net 265 Nimda57750 :Current local  users: 4016  Max: 4899
[2009-11-15 05:48:35] << :kubrick.freenode.net 266 Nimda57750 :Current global users: 47016  Max: 64723
[2009-11-15 05:48:35] << :kubrick.freenode.net 250 Nimda57750 :Highest connection count: 4900 (4899 clients) (120753 since server was (re)started)
[2009-11-15 05:48:35] << :kubrick.freenode.net 375 Nimda57750 :- kubrick.freenode.net Message of the Day -
[2009-11-15 05:48:35] << :kubrick.freenode.net 372 Nimda57750 :- You're using freenode, a service of Peer-Directed Projects
[2009-11-15 05:48:35] << :kubrick.freenode.net 372 Nimda57750 :- Center Ltd (http://freenode.net/pdpc.shtml).
[2009-11-15 05:48:35] << :kubrick.freenode.net 372 Nimda57750 :-
[2009-11-15 05:48:35] << :kubrick.freenode.net 372 Nimda57750 :- Thanks to everyone who helped us make the 2008/2009 fundraiser
[2009-11-15 05:48:35] << :kubrick.freenode.net 372 Nimda57750 :- a success, indivdual donors, hardware and bandwith sponsors and
[2009-11-15 05:48:35] << :kubrick.freenode.net 372 Nimda57750 :- our corporate sponsor Canonical Ltd (http://www.canonical.com).
[2009-11-15 05:48:35] << :kubrick.freenode.net 372 Nimda57750 :-
[2009-11-15 05:48:35] << :kubrick.freenode.net 372 Nimda57750 :- By connecting to freenode you indicate that you have read
[2009-11-15 05:48:35] << :kubrick.freenode.net 372 Nimda57750 :- and agree to adhere to our policies and procedures as per
[2009-11-15 05:48:35] << :kubrick.freenode.net 372 Nimda57750 :- the website (http://freenode.net). We would like to remind
[2009-11-15 05:48:35] << :kubrick.freenode.net 372 Nimda57750 :- you that unauthorized public logging of channels on the
[2009-11-15 05:48:35] << :kubrick.freenode.net 372 Nimda57750 :- network is prohibited. Public channel logging should only
[2009-11-15 05:48:35] << :kubrick.freenode.net 372 Nimda57750 :- take place where the channel owner(s) has requested this
[2009-11-15 05:48:35] << :kubrick.freenode.net 372 Nimda57750 :- and users of the channel are all made aware (if you are
[2009-11-15 05:48:35] << :kubrick.freenode.net 372 Nimda57750 :- publically logging your channel, you may wish to keep a
[2009-11-15 05:48:35] << :kubrick.freenode.net 372 Nimda57750 :- notice in topic and perhaps as a on-join message).
[2009-11-15 05:48:35] << :kubrick.freenode.net 372 Nimda57750 :-
[2009-11-15 05:48:35] << :kubrick.freenode.net 372 Nimda57750 :- By registering your nickname with Nickserv you agree that you
[2009-11-15 05:48:35] << :kubrick.freenode.net 372 Nimda57750 :- are 13 years of age, or older. For more information about the
[2009-11-15 05:48:35] << :kubrick.freenode.net 372 Nimda57750 :- Children's Online Privacy Protection Act please see their
[2009-11-15 05:48:35] << :kubrick.freenode.net 372 Nimda57750 :- website at (http://www.coppa.org).
[2009-11-15 05:48:35] << :kubrick.freenode.net 372 Nimda57750 :-
[2009-11-15 05:48:35] << :kubrick.freenode.net 372 Nimda57750 :- freenode runs an open proxy scanner. Your use of the network
[2009-11-15 05:48:35] << :kubrick.freenode.net 372 Nimda57750 :- indicates your acceptance of this policy. For details on
[2009-11-15 05:48:35] << :kubrick.freenode.net 372 Nimda57750 :- freenode network policy, please take a look at our policy
[2009-11-15 05:48:35] << :kubrick.freenode.net 372 Nimda57750 :- page (http://freenode.net/policy.shtml). Thank you for using
[2009-11-15 05:48:35] << :kubrick.freenode.net 372 Nimda57750 :- the network!
[2009-11-15 05:48:35] << :kubrick.freenode.net 372 Nimda57750 :-
[2009-11-15 05:48:35] << :kubrick.freenode.net 372 Nimda57750 :- The PDPC and freenode now do a fortnightly podcast, which you
[2009-11-15 05:48:35] << :kubrick.freenode.net 372 Nimda57750 :- can find over at http://podcast.freenode.net and throughout the
[2009-11-15 05:48:35] << :kubrick.freenode.net 372 Nimda57750 :- summer months we will be arranging geeknics - Picnics for Geeks
[2009-11-15 05:48:35] << :kubrick.freenode.net 372 Nimda57750 :- across the globe! More information can be found over at
[2009-11-15 05:48:35] << :kubrick.freenode.net 372 Nimda57750 :- http://www.geeknic.org
[2009-11-15 05:48:35] << :kubrick.freenode.net 372 Nimda57750 :-
[2009-11-15 05:48:35] << :kubrick.freenode.net 372 Nimda57750 :- freenode is a service of Peer-Directed Projects Center Ltd,
[2009-11-15 05:48:35] << :kubrick.freenode.net 372 Nimda57750 :- a not for profit organisation registered in England and Wales.
[2009-11-15 05:48:35] << :kubrick.freenode.net 372 Nimda57750 :-
[2009-11-15 05:48:35] << :kubrick.freenode.net 372 Nimda57750 :- Our 2009/2010 fundraiser will be starting soon, more information
[2009-11-15 05:48:35] << :kubrick.freenode.net 372 Nimda57750 :- will be available here and on the website! If you wish to donate
[2009-11-15 05:48:35] << :kubrick.freenode.net 372 Nimda57750 :- you can help out over at http://freenode.net/pdpc_donations.shtml
[2009-11-15 05:48:35] << :kubrick.freenode.net 372 Nimda57750 :-
[2009-11-15 05:48:35] << :kubrick.freenode.net 372 Nimda57750 :- Thank you for using freenode!
[2009-11-15 05:48:35] << :kubrick.freenode.net 372 Nimda57750 :-
[2009-11-15 05:48:35] << :kubrick.freenode.net 376 Nimda57750 :End of /MOTD command.
[2009-11-15 05:48:35] >> PRIVMSG NickServ :identify empty
[2009-11-15 05:48:41] >> JOIN #nimda
[2009-11-15 05:48:41] << :kubrick.freenode.net 462 Nimda57750 :Please register only once per session
[2009-11-15 05:48:41] << :NickServ!NickServ@services. NOTICE Nimda57750 :Nimda57750 is not a registered nickname.
[2009-11-15 05:48:41] << :Nimda57750!n=Nimda@dslb-092-073-172-194.pools.arcor-ip.net JOIN :#nimda
[2009-11-15 05:48:41] >> WHO #nimda
[2009-11-15 05:48:41] << :kubrick.freenode.net 332 Nimda57750 #nimda :Nimda - An advanced event-driven IRC Bot written in PHP with a nice plugin system | http://github.com/noother/Nimda/
[2009-11-15 05:48:41] << :kubrick.freenode.net 333 Nimda57750 #nimda noother 1258254575
[2009-11-15 05:48:41] << :kubrick.freenode.net 353 Nimda57750 = #nimda :Nimda57750 @Nimda noother
[2009-11-15 05:48:41] << :kubrick.freenode.net 366 Nimda57750 #nimda :End of /NAMES list.
[2009-11-15 05:48:41] << :kubrick.freenode.net 352 Nimda57750 #nimda n=Nimda dslb-092-073-172-194.pools.arcor-ip.net irc.freenode.net Nimda57750 H :0 noother's Bot
[2009-11-15 05:48:41] << :kubrick.freenode.net 352 Nimda57750 #nimda n=Nimda unaffiliated/noother/bot/nimda irc.freenode.net Nimda H@ :0 noother's Bot
[2009-11-15 05:48:41] << :kubrick.freenode.net 352 Nimda57750 #nimda n=noother unaffiliated/noother irc.freenode.net noother H :0 noother
[2009-11-15 05:48:41] << :kubrick.freenode.net 315 Nimda57750 #nimda :End of /WHO list.
