[2009-11-15 05:56:22] >> NICK Nimda
[2009-11-15 05:56:22] >> USER Nimda 0 irc.freenode.net :noother's Bot
[2009-11-15 05:56:22] << NOTICE AUTH :*** Looking up your hostname...
[2009-11-15 05:56:22] << NOTICE AUTH :*** Found your hostname, welcome back
[2009-11-15 05:56:22] << NOTICE AUTH :*** Checking ident
[2009-11-15 05:56:30] << NOTICE AUTH :*** No identd (auth) response
[2009-11-15 05:56:30] << :holmes.freenode.net 433 * Nimda :Nickname is already in use.
[2009-11-15 05:56:30] >> NICK Nimda69635
[2009-11-15 05:56:30] >> USER Nimda 0 irc.freenode.net :noother's Bot
[2009-11-15 05:56:30] << :holmes.freenode.net 001 Nimda69635 :Welcome to the freenode IRC Network Nimda69635
[2009-11-15 05:56:30] << :holmes.freenode.net 002 Nimda69635 :Your host is holmes.freenode.net[shakermaker.preshweb.co.uk/6667], running version hyperion-1.0.2b
[2009-11-15 05:56:30] << NOTICE Nimda69635 :*** Your host is holmes.freenode.net[shakermaker.preshweb.co.uk/6667], running version hyperion-1.0.2b
[2009-11-15 05:56:30] << :holmes.freenode.net 003 Nimda69635 :This server was created Fri Mar  6 12:03:17 UTC 2009
[2009-11-15 05:56:30] << :holmes.freenode.net 004 Nimda69635 holmes.freenode.net hyperion-1.0.2b aAbBcCdDeEfFGhHiIjkKlLmMnNopPQrRsStTuUvVwWxXyYzZ01234569*@ bcdefFhiIklmnoPqstv
[2009-11-15 05:56:30] << :holmes.freenode.net 005 Nimda69635 IRCD=dancer CAPAB CHANTYPES=# EXCEPTS INVEX CHANMODES=bdeIq,k,lfJD,cgijLmnPQrRstz CHANLIMIT=#:20 PREFIX=(ov)@+ MAXLIST=bdeI:50 MODES=4 STATUSMSG=@ KNOCK NICKLEN=16 :are supported by this server
[2009-11-15 05:56:30] << :holmes.freenode.net 005 Nimda69635 SAFELIST CASEMAPPING=ascii CHANNELLEN=30 TOPICLEN=450 KICKLEN=450 KEYLEN=23 USERLEN=10 HOSTLEN=63 SILENCE=50 :are supported by this server
[2009-11-15 05:56:30] << :holmes.freenode.net 251 Nimda69635 :There are 23825 listed and 23150 unlisted users on 33 servers
[2009-11-15 05:56:30] << :holmes.freenode.net 252 Nimda69635 51 :flagged staff members
[2009-11-15 05:56:30] << :holmes.freenode.net 254 Nimda69635 25024 :channels formed
[2009-11-15 05:56:30] << :holmes.freenode.net 255 Nimda69635 :I have 2952 clients and 0 servers
[2009-11-15 05:56:30] << :holmes.freenode.net 265 Nimda69635 :Current local  users: 2952  Max: 3672
[2009-11-15 05:56:30] << :holmes.freenode.net 266 Nimda69635 :Current global users: 46975  Max: 64723
[2009-11-15 05:56:30] << :holmes.freenode.net 250 Nimda69635 :Highest connection count: 3673 (3672 clients) (86879 since server was (re)started)
[2009-11-15 05:56:30] << :holmes.freenode.net 375 Nimda69635 :- holmes.freenode.net Message of the Day -
[2009-11-15 05:56:30] << :holmes.freenode.net 372 Nimda69635 :- Welcome to holmes.freenode.net in London, UK! Massive thanks to
[2009-11-15 05:56:30] << :holmes.freenode.net 372 Nimda69635 :- UK2 (http://www.uk2.net) for sponsoring this server.
[2009-11-15 05:56:30] << :holmes.freenode.net 372 Nimda69635 :-
[2009-11-15 05:56:30] << :holmes.freenode.net 372 Nimda69635 :- HOLMES, ROBERT (1928-1986). An English television scriptwriter,
[2009-11-15 05:56:30] << :holmes.freenode.net 372 Nimda69635 :- most notably remembered for his work on the sci-fi series;
[2009-11-15 05:56:30] << :holmes.freenode.net 372 Nimda69635 :- Doctor Who.
[2009-11-15 05:56:30] << :holmes.freenode.net 372 Nimda69635 :-
[2009-11-15 05:56:30] << :holmes.freenode.net 372 Nimda69635 :-
[2009-11-15 05:56:30] << :holmes.freenode.net 372 Nimda69635 :- You're using freenode, a service of Peer-Directed Projects
[2009-11-15 05:56:30] << :holmes.freenode.net 372 Nimda69635 :- Center Ltd (http://freenode.net/pdpc.shtml).
[2009-11-15 05:56:30] << :holmes.freenode.net 372 Nimda69635 :-
[2009-11-15 05:56:30] << :holmes.freenode.net 372 Nimda69635 :- Thanks to everyone who helped us make the 2008/2009 fundraiser
[2009-11-15 05:56:30] << :holmes.freenode.net 372 Nimda69635 :- a success, indivdual donors, hardware and bandwith sponsors and
[2009-11-15 05:56:30] << :holmes.freenode.net 372 Nimda69635 :- our corporate sponsor Canonical Ltd (http://www.canonical.com).
[2009-11-15 05:56:30] << :holmes.freenode.net 372 Nimda69635 :-
[2009-11-15 05:56:30] << :holmes.freenode.net 372 Nimda69635 :- By connecting to freenode you indicate that you have read
[2009-11-15 05:56:30] << :holmes.freenode.net 372 Nimda69635 :- and agree to adhere to our policies and procedures as per
[2009-11-15 05:56:30] << :holmes.freenode.net 372 Nimda69635 :- the website (http://freenode.net). We would like to remind
[2009-11-15 05:56:30] << :holmes.freenode.net 372 Nimda69635 :- you that unauthorized public logging of channels on the
[2009-11-15 05:56:30] << :holmes.freenode.net 372 Nimda69635 :- network is prohibited. Public channel logging should only
[2009-11-15 05:56:30] << :holmes.freenode.net 372 Nimda69635 :- take place where the channel owner(s) has requested this
[2009-11-15 05:56:30] << :holmes.freenode.net 372 Nimda69635 :- and users of the channel are all made aware (if you are
[2009-11-15 05:56:30] << :holmes.freenode.net 372 Nimda69635 :- publically logging your channel, you may wish to keep a
[2009-11-15 05:56:30] << :holmes.freenode.net 372 Nimda69635 :- notice in topic and perhaps as a on-join message).
[2009-11-15 05:56:30] << :holmes.freenode.net 372 Nimda69635 :-
[2009-11-15 05:56:30] << :holmes.freenode.net 372 Nimda69635 :- By registering your nickname with Nickserv you agree that you
[2009-11-15 05:56:30] << :holmes.freenode.net 372 Nimda69635 :- are 13 years of age, or older. For more information about the
[2009-11-15 05:56:30] << :holmes.freenode.net 372 Nimda69635 :- Children's Online Privacy Protection Act please see their
[2009-11-15 05:56:30] << :holmes.freenode.net 372 Nimda69635 :- website at (http://www.coppa.org).
[2009-11-15 05:56:30] << :holmes.freenode.net 372 Nimda69635 :-
[2009-11-15 05:56:30] << :holmes.freenode.net 372 Nimda69635 :- freenode runs an open proxy scanner. Your use of the network
[2009-11-15 05:56:30] << :holmes.freenode.net 372 Nimda69635 :- indicates your acceptance of this policy. For details on
[2009-11-15 05:56:30] << :holmes.freenode.net 372 Nimda69635 :- freenode network policy, please take a look at our policy
[2009-11-15 05:56:30] << :holmes.freenode.net 372 Nimda69635 :- page (http://freenode.net/policy.shtml). Thank you for using
[2009-11-15 05:56:30] << :holmes.freenode.net 372 Nimda69635 :- the network!
[2009-11-15 05:56:30] << :holmes.freenode.net 372 Nimda69635 :-
[2009-11-15 05:56:30] << :holmes.freenode.net 372 Nimda69635 :- The PDPC and freenode now do a fortnightly podcast, which you
[2009-11-15 05:56:30] << :holmes.freenode.net 372 Nimda69635 :- can find over at http://podcast.freenode.net and throughout the
[2009-11-15 05:56:30] << :holmes.freenode.net 372 Nimda69635 :- summer months we will be arranging geeknics - Picnics for Geeks
[2009-11-15 05:56:30] << :holmes.freenode.net 372 Nimda69635 :- across the globe! More information can be found over at
[2009-11-15 05:56:30] << :holmes.freenode.net 372 Nimda69635 :- http://www.geeknic.org
[2009-11-15 05:56:30] << :holmes.freenode.net 372 Nimda69635 :-
[2009-11-15 05:56:30] << :holmes.freenode.net 372 Nimda69635 :- freenode is a service of Peer-Directed Projects Center Ltd,
[2009-11-15 05:56:30] << :holmes.freenode.net 372 Nimda69635 :- a not for profit organisation registered in England and Wales.
[2009-11-15 05:56:30] << :holmes.freenode.net 372 Nimda69635 :-
[2009-11-15 05:56:30] << :holmes.freenode.net 372 Nimda69635 :- Our 2009/2010 fundraiser will be starting soon, more information
[2009-11-15 05:56:30] << :holmes.freenode.net 372 Nimda69635 :- will be available here and on the website! If you wish to donate
[2009-11-15 05:56:30] << :holmes.freenode.net 372 Nimda69635 :- you can help out over at http://freenode.net/pdpc_donations.shtml
[2009-11-15 05:56:30] << :holmes.freenode.net 372 Nimda69635 :-
[2009-11-15 05:56:30] << :holmes.freenode.net 372 Nimda69635 :- Thank you for using freenode!
[2009-11-15 05:56:30] << :holmes.freenode.net 372 Nimda69635 :-
[2009-11-15 05:56:30] << :holmes.freenode.net 376 Nimda69635 :End of /MOTD command.
[2009-11-15 05:56:30] >> PRIVMSG NickServ :identify empty
