[2009-11-15 05:56:43] >> NICK Nimda
[2009-11-15 05:56:43] >> USER Nimda 0 irc.freenode.net :noother's Bot
[2009-11-15 05:56:43] << NOTICE AUTH :*** Looking up your hostname...
[2009-11-15 05:56:43] << NOTICE AUTH :*** Found your hostname, welcome back
[2009-11-15 05:56:43] << NOTICE AUTH :*** Checking ident
[2009-11-15 05:56:50] << NOTICE AUTH :*** No identd (auth) response
[2009-11-15 05:56:50] << :holmes.freenode.net 433 * Nimda :Nickname is already in use.
[2009-11-15 05:56:50] >> NICK Nimda62672
[2009-11-15 05:56:50] >> USER Nimda 0 irc.freenode.net :noother's Bot
[2009-11-15 05:56:50] << :holmes.freenode.net 001 Nimda62672 :Welcome to the freenode IRC Network Nimda62672
[2009-11-15 05:56:50] << :holmes.freenode.net 002 Nimda62672 :Your host is holmes.freenode.net[shakermaker.preshweb.co.uk/6667], running version hyperion-1.0.2b
[2009-11-15 05:56:50] << NOTICE Nimda62672 :*** Your host is holmes.freenode.net[shakermaker.preshweb.co.uk/6667], running version hyperion-1.0.2b
[2009-11-15 05:56:50] << :holmes.freenode.net 003 Nimda62672 :This server was created Fri Mar  6 12:03:17 UTC 2009
[2009-11-15 05:56:50] << :holmes.freenode.net 004 Nimda62672 holmes.freenode.net hyperion-1.0.2b aAbBcCdDeEfFGhHiIjkKlLmMnNopPQrRsStTuUvVwWxXyYzZ01234569*@ bcdefFhiIklmnoPqstv
[2009-11-15 05:56:50] << :holmes.freenode.net 005 Nimda62672 IRCD=dancer CAPAB CHANTYPES=# EXCEPTS INVEX CHANMODES=bdeIq,k,lfJD,cgijLmnPQrRstz CHANLIMIT=#:20 PREFIX=(ov)@+ MAXLIST=bdeI:50 MODES=4 STATUSMSG=@ KNOCK NICKLEN=16 :are supported by this server
[2009-11-15 05:56:50] << :holmes.freenode.net 005 Nimda62672 SAFELIST CASEMAPPING=ascii CHANNELLEN=30 TOPICLEN=450 KICKLEN=450 KEYLEN=23 USERLEN=10 HOSTLEN=63 SILENCE=50 :are supported by this server
[2009-11-15 05:56:50] << :holmes.freenode.net 251 Nimda62672 :There are 23823 listed and 23154 unlisted users on 33 servers
[2009-11-15 05:56:50] << :holmes.freenode.net 252 Nimda62672 51 :flagged staff members
[2009-11-15 05:56:50] << :holmes.freenode.net 254 Nimda62672 25027 :channels formed
[2009-11-15 05:56:50] << :holmes.freenode.net 255 Nimda62672 :I have 2951 clients and 0 servers
[2009-11-15 05:56:50] << :holmes.freenode.net 265 Nimda62672 :Current local  users: 2951  Max: 3672
[2009-11-15 05:56:50] << :holmes.freenode.net 266 Nimda62672 :Current global users: 46977  Max: 64723
[2009-11-15 05:56:50] << :holmes.freenode.net 250 Nimda62672 :Highest connection count: 3673 (3672 clients) (86880 since server was (re)started)
[2009-11-15 05:56:50] << :holmes.freenode.net 375 Nimda62672 :- holmes.freenode.net Message of the Day -
[2009-11-15 05:56:50] << :holmes.freenode.net 372 Nimda62672 :- Welcome to holmes.freenode.net in London, UK! Massive thanks to
[2009-11-15 05:56:50] << :holmes.freenode.net 372 Nimda62672 :- UK2 (http://www.uk2.net) for sponsoring this server.
[2009-11-15 05:56:50] << :holmes.freenode.net 372 Nimda62672 :-
[2009-11-15 05:56:50] << :holmes.freenode.net 372 Nimda62672 :- HOLMES, ROBERT (1928-1986). An English television scriptwriter,
[2009-11-15 05:56:50] << :holmes.freenode.net 372 Nimda62672 :- most notably remembered for his work on the sci-fi series;
[2009-11-15 05:56:50] << :holmes.freenode.net 372 Nimda62672 :- Doctor Who.
[2009-11-15 05:56:50] << :holmes.freenode.net 372 Nimda62672 :-
[2009-11-15 05:56:50] << :holmes.freenode.net 372 Nimda62672 :-
[2009-11-15 05:56:50] << :holmes.freenode.net 372 Nimda62672 :- You're using freenode, a service of Peer-Directed Projects
[2009-11-15 05:56:50] << :holmes.freenode.net 372 Nimda62672 :- Center Ltd (http://freenode.net/pdpc.shtml).
[2009-11-15 05:56:50] << :holmes.freenode.net 372 Nimda62672 :-
[2009-11-15 05:56:50] << :holmes.freenode.net 372 Nimda62672 :- Thanks to everyone who helped us make the 2008/2009 fundraiser
[2009-11-15 05:56:50] << :holmes.freenode.net 372 Nimda62672 :- a success, indivdual donors, hardware and bandwith sponsors and
[2009-11-15 05:56:50] << :holmes.freenode.net 372 Nimda62672 :- our corporate sponsor Canonical Ltd (http://www.canonical.com).
[2009-11-15 05:56:50] << :holmes.freenode.net 372 Nimda62672 :-
[2009-11-15 05:56:50] << :holmes.freenode.net 372 Nimda62672 :- By connecting to freenode you indicate that you have read
[2009-11-15 05:56:50] << :holmes.freenode.net 372 Nimda62672 :- and agree to adhere to our policies and procedures as per
[2009-11-15 05:56:50] << :holmes.freenode.net 372 Nimda62672 :- the website (http://freenode.net). We would like to remind
[2009-11-15 05:56:50] << :holmes.freenode.net 372 Nimda62672 :- you that unauthorized public logging of channels on the
[2009-11-15 05:56:50] << :holmes.freenode.net 372 Nimda62672 :- network is prohibited. Public channel logging should only
[2009-11-15 05:56:50] << :holmes.freenode.net 372 Nimda62672 :- take place where the channel owner(s) has requested this
[2009-11-15 05:56:50] << :holmes.freenode.net 372 Nimda62672 :- and users of the channel are all made aware (if you are
[2009-11-15 05:56:50] << :holmes.freenode.net 372 Nimda62672 :- publically logging your channel, you may wish to keep a
[2009-11-15 05:56:50] << :holmes.freenode.net 372 Nimda62672 :- notice in topic and perhaps as a on-join message).
[2009-11-15 05:56:50] << :holmes.freenode.net 372 Nimda62672 :-
[2009-11-15 05:56:50] << :holmes.freenode.net 372 Nimda62672 :- By registering your nickname with Nickserv you agree that you
[2009-11-15 05:56:50] << :holmes.freenode.net 372 Nimda62672 :- are 13 years of age, or older. For more information about the
[2009-11-15 05:56:50] << :holmes.freenode.net 372 Nimda62672 :- Children's Online Privacy Protection Act please see their
[2009-11-15 05:56:50] << :holmes.freenode.net 372 Nimda62672 :- website at (http://www.coppa.org).
[2009-11-15 05:56:50] << :holmes.freenode.net 372 Nimda62672 :-
[2009-11-15 05:56:50] << :holmes.freenode.net 372 Nimda62672 :- freenode runs an open proxy scanner. Your use of the network
[2009-11-15 05:56:50] << :holmes.freenode.net 372 Nimda62672 :- indicates your acceptance of this policy. For details on
[2009-11-15 05:56:50] << :holmes.freenode.net 372 Nimda62672 :- freenode network policy, please take a look at our policy
[2009-11-15 05:56:50] << :holmes.freenode.net 372 Nimda62672 :- page (http://freenode.net/policy.shtml). Thank you for using
[2009-11-15 05:56:50] << :holmes.freenode.net 372 Nimda62672 :- the network!
[2009-11-15 05:56:50] << :holmes.freenode.net 372 Nimda62672 :-
[2009-11-15 05:56:50] << :holmes.freenode.net 372 Nimda62672 :- The PDPC and freenode now do a fortnightly podcast, which you
[2009-11-15 05:56:50] << :holmes.freenode.net 372 Nimda62672 :- can find over at http://podcast.freenode.net and throughout the
[2009-11-15 05:56:50] << :holmes.freenode.net 372 Nimda62672 :- summer months we will be arranging geeknics - Picnics for Geeks
[2009-11-15 05:56:50] << :holmes.freenode.net 372 Nimda62672 :- across the globe! More information can be found over at
[2009-11-15 05:56:50] << :holmes.freenode.net 372 Nimda62672 :- http://www.geeknic.org
[2009-11-15 05:56:50] << :holmes.freenode.net 372 Nimda62672 :-
[2009-11-15 05:56:50] << :holmes.freenode.net 372 Nimda62672 :- freenode is a service of Peer-Directed Projects Center Ltd,
[2009-11-15 05:56:50] << :holmes.freenode.net 372 Nimda62672 :- a not for profit organisation registered in England and Wales.
[2009-11-15 05:56:50] << :holmes.freenode.net 372 Nimda62672 :-
[2009-11-15 05:56:50] << :holmes.freenode.net 372 Nimda62672 :- Our 2009/2010 fundraiser will be starting soon, more information
[2009-11-15 05:56:50] << :holmes.freenode.net 372 Nimda62672 :- will be available here and on the website! If you wish to donate
[2009-11-15 05:56:50] << :holmes.freenode.net 372 Nimda62672 :- you can help out over at http://freenode.net/pdpc_donations.shtml
[2009-11-15 05:56:50] << :holmes.freenode.net 372 Nimda62672 :-
[2009-11-15 05:56:50] << :holmes.freenode.net 372 Nimda62672 :- Thank you for using freenode!
[2009-11-15 05:56:50] << :holmes.freenode.net 372 Nimda62672 :-
[2009-11-15 05:56:50] << :holmes.freenode.net 376 Nimda62672 :End of /MOTD command.
[2009-11-15 05:56:50] >> JOIN #nimda
[2009-11-15 05:56:52] << :holmes.freenode.net 462 Nimda62672 :Please register only once per session
[2009-11-15 05:56:52] << :Nimda62672!n=Nimda@dslb-092-073-172-194.pools.arcor-ip.net JOIN :#nimda
[2009-11-15 05:56:52] >> WHO #nimda
[2009-11-15 05:56:52] << :holmes.freenode.net 332 Nimda62672 #nimda :Nimda - An advanced event-driven IRC Bot written in PHP with a nice plugin system | http://github.com/noother/Nimda/
[2009-11-15 05:56:52] << :holmes.freenode.net 333 Nimda62672 #nimda noother 1258254575
[2009-11-15 05:56:52] << :holmes.freenode.net 353 Nimda62672 = #nimda :Nimda62672 @Nimda noother
[2009-11-15 05:56:52] << :holmes.freenode.net 366 Nimda62672 #nimda :End of /NAMES list.
[2009-11-15 05:56:52] << :holmes.freenode.net 352 Nimda62672 #nimda n=Nimda dslb-092-073-172-194.pools.arcor-ip.net irc.freenode.net Nimda62672 H :0 noother's Bot
[2009-11-15 05:56:52] << :holmes.freenode.net 352 Nimda62672 #nimda n=Nimda unaffiliated/noother/bot/nimda irc.freenode.net Nimda H@ :0 noother's Bot
[2009-11-15 05:56:52] << :holmes.freenode.net 352 Nimda62672 #nimda n=noother unaffiliated/noother irc.freenode.net noother H :0 noother
[2009-11-15 05:56:52] << :holmes.freenode.net 315 Nimda62672 #nimda :End of /WHO list.
